Simulation 00MyTest is starting...
May 16, 2018 6:22:36 PM sins2.input_output.InputManager initializeWorld
SEVERE: null
java.io.FileNotFoundException: input/00MyTest/world.txt (No such file or directory)
	at java.io.FileInputStream.open0(Native Method)
	at java.io.FileInputStream.open(FileInputStream.java:195)
	at java.io.FileInputStream.<init>(FileInputStream.java:138)
	at java.io.FileInputStream.<init>(FileInputStream.java:93)
	at java.io.FileReader.<init>(FileReader.java:58)
	at sins2.helpers.io.ReaderHelper.<init>(ReaderHelper.java:28)
	at sins2.input_output.InputManager.getReader(InputManager.java:53)
	at sins2.input_output.InputManager.initializeWorld(InputManager.java:61)
	at sins2.simulation.World.initializeFromInput(World.java:101)
	at sins2.simulation.World.beginSimulation(World.java:118)
	at sins2.SINS2$SimulationTask.call(SINS2.java:309)
	at java.util.concurrent.FutureTask.run(FutureTask.java:266)
	at java.util.concurrent.ThreadPoolExecutor.runWorker(ThreadPoolExecutor.java:1142)
	at java.util.concurrent.ThreadPoolExecutor$Worker.run(ThreadPoolExecutor.java:617)
	at java.lang.Thread.run(Thread.java:745)

May 16, 2018 6:22:36 PM sins2.input_output.InputManager initializeWorld
SEVERE: null
java.io.FileNotFoundException: input/00MyTest/world.txt (No such file or directory)
	at java.io.FileInputStream.open0(Native Method)
	at java.io.FileInputStream.open(FileInputStream.java:195)
	at java.io.FileInputStream.<init>(FileInputStream.java:138)
	at java.io.FileInputStream.<init>(FileInputStream.java:93)
	at java.io.FileReader.<init>(FileReader.java:58)
	at sins2.helpers.io.ReaderHelper.<init>(ReaderHelper.java:28)
	at sins2.input_output.InputManager.getReader(InputManager.java:53)
	at sins2.input_output.InputManager.initializeWorld(InputManager.java:61)
	at sins2.simulation.World.initializeFromInput(World.java:101)
	at sins2.simulation.World.beginSimulation(World.java:118)
	at sins2.SINS2$SimulationTask.call(SINS2.java:309)
	at java.util.concurrent.FutureTask.run(FutureTask.java:266)
	at java.util.concurrent.ThreadPoolExecutor.runWorker(ThreadPoolExecutor.java:1142)
	at java.util.concurrent.ThreadPoolExecutor$Worker.run(ThreadPoolExecutor.java:617)
	at java.lang.Thread.run(Thread.java:745)

May 16, 2018 6:22:36 PM sins2.input_output.InputManager initializeOutPutParameters
SEVERE: null
java.io.FileNotFoundException: input/00MyTest/output_preferences.txt (No such file or directory)
	at java.io.FileInputStream.open0(Native Method)
	at java.io.FileInputStream.open(FileInputStream.java:195)
	at java.io.FileInputStream.<init>(FileInputStream.java:138)
	at java.io.FileInputStream.<init>(FileInputStream.java:93)
	at java.io.FileReader.<init>(FileReader.java:58)
	at sins2.helpers.io.ReaderHelper.<init>(ReaderHelper.java:28)
	at sins2.input_output.InputManager.getReader(InputManager.java:53)
	at sins2.input_output.InputManager.initializeOutPutParameters(InputManager.java:243)
	at sins2.simulation.World.readOutputPreferences(World.java:186)
	at sins2.simulation.World.initializeFromInput(World.java:103)
	at sins2.simulation.World.beginSimulation(World.java:118)
	at sins2.SINS2$SimulationTask.call(SINS2.java:309)
	at java.util.concurrent.FutureTask.run(FutureTask.java:266)
	at java.util.concurrent.ThreadPoolExecutor.runWorker(ThreadPoolExecutor.java:1142)
	at java.util.concurrent.ThreadPoolExecutor$Worker.run(ThreadPoolExecutor.java:617)
	at java.lang.Thread.run(Thread.java:745)

May 16, 2018 6:22:36 PM sins2.input_output.InputManager initializeWorld
SEVERE: null
java.io.FileNotFoundException: input/00MyTest/world.txt (No such file or directory)
	at java.io.FileInputStream.open0(Native Method)
	at java.io.FileInputStream.open(FileInputStream.java:195)
	at java.io.FileInputStream.<init>(FileInputStream.java:138)
	at java.io.FileInputStream.<init>(FileInputStream.java:93)
	at java.io.FileReader.<init>(FileReader.java:58)
	at sins2.helpers.io.ReaderHelper.<init>(ReaderHelper.java:28)
	at sins2.input_output.InputManager.getReader(InputManager.java:53)
	at sins2.input_output.InputManager.initializeWorld(InputManager.java:61)
	at sins2.simulation.World.initializeFromInput(World.java:101)
	at sins2.simulation.World.beginSimulation(World.java:118)
	at sins2.SINS2$SimulationTask.call(SINS2.java:309)
	at java.util.concurrent.FutureTask.run(FutureTask.java:266)
	at java.util.concurrent.ThreadPoolExecutor.runWorker(ThreadPoolExecutor.java:1142)
	at java.util.concurrent.ThreadPoolExecutor$Worker.run(ThreadPoolExecutor.java:617)
	at java.lang.Thread.run(Thread.java:745)

May 16, 2018 6:22:36 PM sins2.input_output.InputManager initializeWorld
SEVERE: null
java.io.FileNotFoundException: input/00MyTest/world.txt (No such file or directory)
	at java.io.FileInputStream.open0(Native Method)
	at java.io.FileInputStream.open(FileInputStream.java:195)
	at java.io.FileInputStream.<init>(FileInputStream.java:138)
	at java.io.FileInputStream.<init>(FileInputStream.java:93)
	at java.io.FileReader.<init>(FileReader.java:58)
	at sins2.helpers.io.ReaderHelper.<init>(ReaderHelper.java:28)
	at sins2.input_output.InputManager.getReader(InputManager.java:53)
	at sins2.input_output.InputManager.initializeWorld(InputManager.java:61)
	at sins2.simulation.World.initializeFromInput(World.java:101)
	at sins2.simulation.World.beginSimulation(World.java:118)
	at sins2.SINS2$SimulationTask.call(SINS2.java:309)
	at java.util.concurrent.FutureTask.run(FutureTask.java:266)
	at java.util.concurrent.ThreadPoolExecutor.runWorker(ThreadPoolExecutor.java:1142)
	at java.util.concurrent.ThreadPoolExecutor$Worker.run(ThreadPoolExecutor.java:617)
	at java.lang.Thread.run(Thread.java:745)

May 16, 2018 6:22:36 PM sins2.simulation.World beginSimulation
SEVERE: null
java.lang.NullPointerException
	at sins2.input_output.InputManager.initializeOutPutParameters(InputManager.java:250)
	at sins2.simulation.World.readOutputPreferences(World.java:186)
	at sins2.simulation.World.initializeFromInput(World.java:103)
	at sins2.simulation.World.beginSimulation(World.java:118)
	at sins2.SINS2$SimulationTask.call(SINS2.java:309)
	at java.util.concurrent.FutureTask.run(FutureTask.java:266)
	at java.util.concurrent.ThreadPoolExecutor.runWorker(ThreadPoolExecutor.java:1142)
	at java.util.concurrent.ThreadPoolExecutor$Worker.run(ThreadPoolExecutor.java:617)
	at java.lang.Thread.run(Thread.java:745)

May 16, 2018 6:22:36 PM sins2.input_output.InputManager initializeOutPutParameters
SEVERE: null
java.io.FileNotFoundException: input/00MyTest/output_preferences.txt (No such file or directory)
	at java.io.FileInputStream.open0(Native Method)
	at java.io.FileInputStream.open(FileInputStream.java:195)
	at java.io.FileInputStream.<init>(FileInputStream.java:138)
	at java.io.FileInputStream.<init>(FileInputStream.java:93)
	at java.io.FileReader.<init>(FileReader.java:58)
	at sins2.helpers.io.ReaderHelper.<init>(ReaderHelper.java:28)
	at sins2.input_output.InputManager.getReader(InputManager.java:53)
	at sins2.input_output.InputManager.initializeOutPutParameters(InputManager.java:243)
	at sins2.simulation.World.readOutputPreferences(World.java:186)
	at sins2.simulation.World.initializeFromInput(World.java:103)
	at sins2.simulation.World.beginSimulation(World.java:118)
	at sins2.SINS2$SimulationTask.call(SINS2.java:309)
	at java.util.concurrent.FutureTask.run(FutureTask.java:266)
	at java.util.concurrent.ThreadPoolExecutor.runWorker(ThreadPoolExecutor.java:1142)
	at java.util.concurrent.ThreadPoolExecutor$Worker.run(ThreadPoolExecutor.java:617)
	at java.lang.Thread.run(Thread.java:745)

May 16, 2018 6:22:36 PM sins2.input_output.InputManager initializeOutPutParameters
SEVERE: null
java.io.FileNotFoundException: input/00MyTest/output_preferences.txt (No such file or directory)
	at java.io.FileInputStream.open0(Native Method)
	at java.io.FileInputStream.open(FileInputStream.java:195)
	at java.io.FileInputStream.<init>(FileInputStream.java:138)
	at java.io.FileInputStream.<init>(FileInputStream.java:93)
	at java.io.FileReader.<init>(FileReader.java:58)
	at sins2.helpers.io.ReaderHelper.<init>(ReaderHelper.java:28)
	at sins2.input_output.InputManager.getReader(InputManager.java:53)
	at sins2.input_output.InputManager.initializeOutPutParameters(InputManager.java:243)
	at sins2.simulation.World.readOutputPreferences(World.java:186)
	at sins2.simulation.World.initializeFromInput(World.java:103)
	at sins2.simulation.World.beginSimulation(World.java:118)
	at sins2.SINS2$SimulationTask.call(SINS2.java:309)
	at java.util.concurrent.FutureTask.run(FutureTask.java:266)
	at java.util.concurrent.ThreadPoolExecutor.runWorker(ThreadPoolExecutor.java:1142)
	at java.util.concurrent.ThreadPoolExecutor$Worker.run(ThreadPoolExecutor.java:617)
	at java.lang.Thread.run(Thread.java:745)

May 16, 2018 6:22:36 PM sins2.input_output.InputManager initializeOutPutParameters
SEVERE: null
java.io.FileNotFoundException: input/00MyTest/output_preferences.txt (No such file or directory)
	at java.io.FileInputStream.open0(Native Method)
	at java.io.FileInputStream.open(FileInputStream.java:195)
	at java.io.FileInputStream.<init>(FileInputStream.java:138)
	at java.io.FileInputStream.<init>(FileInputStream.java:93)
	at java.io.FileReader.<init>(FileReader.java:58)
	at sins2.helpers.io.ReaderHelper.<init>(ReaderHelper.java:28)
	at sins2.input_output.InputManager.getReader(InputManager.java:53)
	at sins2.input_output.InputManager.initializeOutPutParameters(InputManager.java:243)
	at sins2.simulation.World.readOutputPreferences(World.java:186)
	at sins2.simulation.World.initializeFromInput(World.java:103)
	at sins2.simulation.World.beginSimulation(World.java:118)
	at sins2.SINS2$SimulationTask.call(SINS2.java:309)
	at java.util.concurrent.FutureTask.run(FutureTask.java:266)
	at java.util.concurrent.ThreadPoolExecutor.runWorker(ThreadPoolExecutor.java:1142)
	at java.util.concurrent.ThreadPoolExecutor$Worker.run(ThreadPoolExecutor.java:617)
	at java.lang.Thread.run(Thread.java:745)

May 16, 2018 6:22:36 PM sins2.simulation.World beginSimulation
SEVERE: null
java.lang.NullPointerException
	at sins2.input_output.InputManager.initializeOutPutParameters(InputManager.java:250)
	at sins2.simulation.World.readOutputPreferences(World.java:186)
	at sins2.simulation.World.initializeFromInput(World.java:103)
	at sins2.simulation.World.beginSimulation(World.java:118)
	at sins2.SINS2$SimulationTask.call(SINS2.java:309)
	at java.util.concurrent.FutureTask.run(FutureTask.java:266)
	at java.util.concurrent.ThreadPoolExecutor.runWorker(ThreadPoolExecutor.java:1142)
	at java.util.concurrent.ThreadPoolExecutor$Worker.run(ThreadPoolExecutor.java:617)
	at java.lang.Thread.run(Thread.java:745)

May 16, 2018 6:22:36 PM sins2.simulation.World beginSimulation
SEVERE: null
java.lang.NullPointerException
	at sins2.input_output.InputManager.initializeOutPutParameters(InputManager.java:250)
	at sins2.simulation.World.readOutputPreferences(World.java:186)
	at sins2.simulation.World.initializeFromInput(World.java:103)
	at sins2.simulation.World.beginSimulation(World.java:118)
	at sins2.SINS2$SimulationTask.call(SINS2.java:309)
	at java.util.concurrent.FutureTask.run(FutureTask.java:266)
	at java.util.concurrent.ThreadPoolExecutor.runWorker(ThreadPoolExecutor.java:1142)
	at java.util.concurrent.ThreadPoolExecutor$Worker.run(ThreadPoolExecutor.java:617)
	at java.lang.Thread.run(Thread.java:745)

May 16, 2018 6:22:36 PM sins2.simulation.World beginSimulation
SEVERE: null
java.lang.NullPointerException
	at sins2.input_output.InputManager.initializeOutPutParameters(InputManager.java:250)
	at sins2.simulation.World.readOutputPreferences(World.java:186)
	at sins2.simulation.World.initializeFromInput(World.java:103)
	at sins2.simulation.World.beginSimulation(World.java:118)
	at sins2.SINS2$SimulationTask.call(SINS2.java:309)
	at java.util.concurrent.FutureTask.run(FutureTask.java:266)
	at java.util.concurrent.ThreadPoolExecutor.runWorker(ThreadPoolExecutor.java:1142)
	at java.util.concurrent.ThreadPoolExecutor$Worker.run(ThreadPoolExecutor.java:617)
	at java.lang.Thread.run(Thread.java:745)

java.util.concurrent.ExecutionException: java.lang.NullPointerException
	at java.util.concurrent.FutureTask.report(FutureTask.java:122)
	at java.util.concurrent.FutureTask.get(FutureTask.java:192)
	at sins2.SINS2.parallelSimpleVersion(SINS2.java:270)
	at sins2.SINS2.run(SINS2.java:198)
	at sins2.SINS2.main(SINS2.java:76)
Caused by: java.lang.NullPointerException
	at sins2.simulation.Layer.checkForStartOfExpansions(Layer.java:312)
	at sins2.simulation.World.beginSimulation(World.java:137)
	at sins2.SINS2$SimulationTask.call(SINS2.java:309)
	at java.util.concurrent.FutureTask.run(FutureTask.java:266)
	at java.util.concurrent.ThreadPoolExecutor.runWorker(ThreadPoolExecutor.java:1142)
	at java.util.concurrent.ThreadPoolExecutor$Worker.run(ThreadPoolExecutor.java:617)
	at java.lang.Thread.run(Thread.java:745)
May 16, 2018 6:22:36 PM sins2.input_output.InputManager initializeWorld
SEVERE: null
java.io.FileNotFoundException: input/00MyTest/world.txt (No such file or directory)
	at java.io.FileInputStream.open0(Native Method)
	at java.io.FileInputStream.open(FileInputStream.java:195)
	at java.io.FileInputStream.<init>(FileInputStream.java:138)
	at java.io.FileInputStream.<init>(FileInputStream.java:93)
	at java.io.FileReader.<init>(FileReader.java:58)
	at sins2.helpers.io.ReaderHelper.<init>(ReaderHelper.java:28)
	at sins2.input_output.InputManager.getReader(InputManager.java:53)
	at sins2.input_output.InputManager.initializeWorld(InputManager.java:61)
	at sins2.simulation.World.initializeFromInput(World.java:101)
	at sins2.simulation.World.beginSimulation(World.java:118)
	at sins2.SINS2$SimulationTask.call(SINS2.java:309)
	at java.util.concurrent.FutureTask.run(FutureTask.java:266)
	at java.util.concurrent.ThreadPoolExecutor.runWorker(ThreadPoolExecutor.java:1142)
	at java.util.concurrent.ThreadPoolExecutor$Worker.run(ThreadPoolExecutor.java:617)
	at java.lang.Thread.run(Thread.java:745)

java.util.concurrent.ExecutionException: java.lang.NullPointerException
	at java.util.concurrent.FutureTask.report(FutureTask.java:122)
	at java.util.concurrent.FutureTask.get(FutureTask.java:192)
	at sins2.SINS2.parallelSimpleVersion(SINS2.java:270)
	at sins2.SINS2.run(SINS2.java:198)
	at sins2.SINS2.main(SINS2.java:76)
Caused by: java.lang.NullPointerException
	at sins2.simulation.Layer.checkForStartOfExpansions(Layer.java:312)
	at sins2.simulation.World.beginSimulation(World.java:137)
	at sins2.SINS2$SimulationTask.call(SINS2.java:309)
	at java.util.concurrent.FutureTask.run(FutureTask.java:266)
	at java.util.concurrent.ThreadPoolExecutor.runWorker(ThreadPoolExecutor.java:1142)
	at java.util.concurrent.ThreadPoolExecutor$Worker.run(ThreadPoolExecutor.java:617)
	at java.lang.Thread.run(Thread.java:745)
java.util.concurrent.ExecutionException: java.lang.NullPointerException
	at java.util.concurrent.FutureTask.report(FutureTask.java:122)
	at java.util.concurrent.FutureTask.get(FutureTask.java:192)
	at sins2.SINS2.parallelSimpleVersion(SINS2.java:270)
	at sins2.SINS2.run(SINS2.java:198)
	at sins2.SINS2.main(SINS2.java:76)
Caused by: java.lang.NullPointerException
	at sins2.simulation.Layer.checkForStartOfExpansions(Layer.java:312)
	at sins2.simulation.World.beginSimulation(World.java:137)
	at sins2.SINS2$SimulationTask.call(SINS2.java:309)
	at java.util.concurrent.FutureTask.run(FutureTask.java:266)
	at java.util.concurrent.ThreadPoolExecutor.runWorker(ThreadPoolExecutor.java:1142)
	at java.util.concurrent.ThreadPoolExecutor$Worker.run(ThreadPoolExecutor.java:617)
	at java.lang.Thread.run(Thread.java:745)
May 16, 2018 6:22:36 PM sins2.input_output.InputManager initializeWorld
SEVERE: null
java.io.FileNotFoundException: input/00MyTest/world.txt (No such file or directory)
	at java.io.FileInputStream.open0(Native Method)
	at java.io.FileInputStream.open(FileInputStream.java:195)
	at java.io.FileInputStream.<init>(FileInputStream.java:138)
	at java.io.FileInputStream.<init>(FileInputStream.java:93)
	at java.io.FileReader.<init>(FileReader.java:58)
	at sins2.helpers.io.ReaderHelper.<init>(ReaderHelper.java:28)
	at sins2.input_output.InputManager.getReader(InputManager.java:53)
	at sins2.input_output.InputManager.initializeWorld(InputManager.java:61)
	at sins2.simulation.World.initializeFromInput(World.java:101)
	at sins2.simulation.World.beginSimulation(World.java:118)
	at sins2.SINS2$SimulationTask.call(SINS2.java:309)
	at java.util.concurrent.FutureTask.run(FutureTask.java:266)
	at java.util.concurrent.ThreadPoolExecutor.runWorker(ThreadPoolExecutor.java:1142)
	at java.util.concurrent.ThreadPoolExecutor$Worker.run(ThreadPoolExecutor.java:617)
	at java.lang.Thread.run(Thread.java:745)

java.util.concurrent.ExecutionException: java.lang.NullPointerException
	at java.util.concurrent.FutureTask.report(FutureTask.java:122)
	at java.util.concurrent.FutureTask.get(FutureTask.java:192)
	at sins2.SINS2.parallelSimpleVersion(SINS2.java:270)
	at sins2.SINS2.run(SINS2.java:198)
	at sins2.SINS2.main(SINS2.java:76)
Caused by: java.lang.NullPointerException
	at sins2.simulation.Layer.checkForStartOfExpansions(Layer.java:312)
	at sins2.simulation.World.beginSimulation(World.java:137)
	at sins2.SINS2$SimulationTask.call(SINS2.java:309)
	at java.util.concurrent.FutureTask.run(FutureTask.java:266)
	at java.util.concurrent.ThreadPoolExecutor.runWorker(ThreadPoolExecutor.java:1142)
	at java.util.concurrent.ThreadPoolExecutor$Worker.run(ThreadPoolExecutor.java:617)
	at java.lang.Thread.run(Thread.java:745)
May 16, 2018 6:22:36 PM sins2.input_output.InputManager initializeWorld
SEVERE: null
java.io.FileNotFoundException: input/00MyTest/world.txt (No such file or directory)
	at java.io.FileInputStream.open0(Native Method)
	at java.io.FileInputStream.open(FileInputStream.java:195)
	at java.io.FileInputStream.<init>(FileInputStream.java:138)
	at java.io.FileInputStream.<init>(FileInputStream.java:93)
	at java.io.FileReader.<init>(FileReader.java:58)
	at sins2.helpers.io.ReaderHelper.<init>(ReaderHelper.java:28)
	at sins2.input_output.InputManager.getReader(InputManager.java:53)
	at sins2.input_output.InputManager.initializeWorld(InputManager.java:61)
	at sins2.simulation.World.initializeFromInput(World.java:101)
	at sins2.simulation.World.beginSimulation(World.java:118)
	at sins2.SINS2$SimulationTask.call(SINS2.java:309)
	at java.util.concurrent.FutureTask.run(FutureTask.java:266)
	at java.util.concurrent.ThreadPoolExecutor.runWorker(ThreadPoolExecutor.java:1142)
	at java.util.concurrent.ThreadPoolExecutor$Worker.run(ThreadPoolExecutor.java:617)
	at java.lang.Thread.run(Thread.java:745)

May 16, 2018 6:22:36 PM sins2.input_output.InputManager initializeOutPutParameters
SEVERE: null
java.io.FileNotFoundException: input/00MyTest/output_preferences.txt (No such file or directory)
	at java.io.FileInputStream.open0(Native Method)
	at java.io.FileInputStream.open(FileInputStream.java:195)
	at java.io.FileInputStream.<init>(FileInputStream.java:138)
	at java.io.FileInputStream.<init>(FileInputStream.java:93)
	at java.io.FileReader.<init>(FileReader.java:58)
	at sins2.helpers.io.ReaderHelper.<init>(ReaderHelper.java:28)
	at sins2.input_output.InputManager.getReader(InputManager.java:53)
	at sins2.input_output.InputManager.initializeOutPutParameters(InputManager.java:243)
	at sins2.simulation.World.readOutputPreferences(World.java:186)
	at sins2.simulation.World.initializeFromInput(World.java:103)
	at sins2.simulation.World.beginSimulation(World.java:118)
	at sins2.SINS2$SimulationTask.call(SINS2.java:309)
	at java.util.concurrent.FutureTask.run(FutureTask.java:266)
	at java.util.concurrent.ThreadPoolExecutor.runWorker(ThreadPoolExecutor.java:1142)
	at java.util.concurrent.ThreadPoolExecutor$Worker.run(ThreadPoolExecutor.java:617)
	at java.lang.Thread.run(Thread.java:745)

May 16, 2018 6:22:36 PM sins2.input_output.InputManager initializeWorld
SEVERE: null
java.io.FileNotFoundException: input/00MyTest/world.txt (No such file or directory)
	at java.io.FileInputStream.open0(Native Method)
	at java.io.FileInputStream.open(FileInputStream.java:195)
	at java.io.FileInputStream.<init>(FileInputStream.java:138)
	at java.io.FileInputStream.<init>(FileInputStream.java:93)
	at java.io.FileReader.<init>(FileReader.java:58)
	at sins2.helpers.io.ReaderHelper.<init>(ReaderHelper.java:28)
	at sins2.input_output.InputManager.getReader(InputManager.java:53)
	at sins2.input_output.InputManager.initializeWorld(InputManager.java:61)
	at sins2.simulation.World.initializeFromInput(World.java:101)
	at sins2.simulation.World.beginSimulation(World.java:118)
	at sins2.SINS2$SimulationTask.call(SINS2.java:309)
	at java.util.concurrent.FutureTask.run(FutureTask.java:266)
	at java.util.concurrent.ThreadPoolExecutor.runWorker(ThreadPoolExecutor.java:1142)
	at java.util.concurrent.ThreadPoolExecutor$Worker.run(ThreadPoolExecutor.java:617)
	at java.lang.Thread.run(Thread.java:745)

May 16, 2018 6:22:36 PM sins2.simulation.World beginSimulation
SEVERE: null
java.lang.NullPointerException
	at sins2.input_output.InputManager.initializeOutPutParameters(InputManager.java:250)
	at sins2.simulation.World.readOutputPreferences(World.java:186)
	at sins2.simulation.World.initializeFromInput(World.java:103)
	at sins2.simulation.World.beginSimulation(World.java:118)
	at sins2.SINS2$SimulationTask.call(SINS2.java:309)
	at java.util.concurrent.FutureTask.run(FutureTask.java:266)
	at java.util.concurrent.ThreadPoolExecutor.runWorker(ThreadPoolExecutor.java:1142)
	at java.util.concurrent.ThreadPoolExecutor$Worker.run(ThreadPoolExecutor.java:617)
	at java.lang.Thread.run(Thread.java:745)

May 16, 2018 6:22:36 PM sins2.input_output.InputManager initializeOutPutParameters
SEVERE: null
java.io.FileNotFoundException: input/00MyTest/output_preferences.txt (No such file or directory)
	at java.io.FileInputStream.open0(Native Method)
	at java.io.FileInputStream.open(FileInputStream.java:195)
	at java.io.FileInputStream.<init>(FileInputStream.java:138)
	at java.io.FileInputStream.<init>(FileInputStream.java:93)
	at java.io.FileReader.<init>(FileReader.java:58)
	at sins2.helpers.io.ReaderHelper.<init>(ReaderHelper.java:28)
	at sins2.input_output.InputManager.getReader(InputManager.java:53)
	at sins2.input_output.InputManager.initializeOutPutParameters(InputManager.java:243)
	at sins2.simulation.World.readOutputPreferences(World.java:186)
	at sins2.simulation.World.initializeFromInput(World.java:103)
	at sins2.simulation.World.beginSimulation(World.java:118)
	at sins2.SINS2$SimulationTask.call(SINS2.java:309)
	at java.util.concurrent.FutureTask.run(FutureTask.java:266)
	at java.util.concurrent.ThreadPoolExecutor.runWorker(ThreadPoolExecutor.java:1142)
	at java.util.concurrent.ThreadPoolExecutor$Worker.run(ThreadPoolExecutor.java:617)
	at java.lang.Thread.run(Thread.java:745)

May 16, 2018 6:22:36 PM sins2.input_output.InputManager initializeOutPutParameters
SEVERE: null
java.io.FileNotFoundException: input/00MyTest/output_preferences.txt (No such file or directory)
	at java.io.FileInputStream.open0(Native Method)
	at java.io.FileInputStream.open(FileInputStream.java:195)
	at java.io.FileInputStream.<init>(FileInputStream.java:138)
	at java.io.FileInputStream.<init>(FileInputStream.java:93)
	at java.io.FileReader.<init>(FileReader.java:58)
	at sins2.helpers.io.ReaderHelper.<init>(ReaderHelper.java:28)
	at sins2.input_output.InputManager.getReader(InputManager.java:53)
	at sins2.input_output.InputManager.initializeOutPutParameters(InputManager.java:243)
	at sins2.simulation.World.readOutputPreferences(World.java:186)
	at sins2.simulation.World.initializeFromInput(World.java:103)
	at sins2.simulation.World.beginSimulation(World.java:118)
	at sins2.SINS2$SimulationTask.call(SINS2.java:309)
	at java.util.concurrent.FutureTask.run(FutureTask.java:266)
	at java.util.concurrent.ThreadPoolExecutor.runWorker(ThreadPoolExecutor.java:1142)
	at java.util.concurrent.ThreadPoolExecutor$Worker.run(ThreadPoolExecutor.java:617)
	at java.lang.Thread.run(Thread.java:745)

May 16, 2018 6:22:36 PM sins2.input_output.InputManager initializeOutPutParameters
SEVERE: null
java.io.FileNotFoundException: input/00MyTest/output_preferences.txt (No such file or directory)
	at java.io.FileInputStream.open0(Native Method)
	at java.io.FileInputStream.open(FileInputStream.java:195)
	at java.io.FileInputStream.<init>(FileInputStream.java:138)
	at java.io.FileInputStream.<init>(FileInputStream.java:93)
	at java.io.FileReader.<init>(FileReader.java:58)
	at sins2.helpers.io.ReaderHelper.<init>(ReaderHelper.java:28)
	at sins2.input_output.InputManager.getReader(InputManager.java:53)
	at sins2.input_output.InputManager.initializeOutPutParameters(InputManager.java:243)
	at sins2.simulation.World.readOutputPreferences(World.java:186)
	at sins2.simulation.World.initializeFromInput(World.java:103)
	at sins2.simulation.World.beginSimulation(World.java:118)
	at sins2.SINS2$SimulationTask.call(SINS2.java:309)
	at java.util.concurrent.FutureTask.run(FutureTask.java:266)
	at java.util.concurrent.ThreadPoolExecutor.runWorker(ThreadPoolExecutor.java:1142)
	at java.util.concurrent.ThreadPoolExecutor$Worker.run(ThreadPoolExecutor.java:617)
	at java.lang.Thread.run(Thread.java:745)

May 16, 2018 6:22:36 PM sins2.simulation.World beginSimulation
SEVERE: null
java.lang.NullPointerException
	at sins2.input_output.InputManager.initializeOutPutParameters(InputManager.java:250)
	at sins2.simulation.World.readOutputPreferences(World.java:186)
	at sins2.simulation.World.initializeFromInput(World.java:103)
	at sins2.simulation.World.beginSimulation(World.java:118)
	at sins2.SINS2$SimulationTask.call(SINS2.java:309)
	at java.util.concurrent.FutureTask.run(FutureTask.java:266)
	at java.util.concurrent.ThreadPoolExecutor.runWorker(ThreadPoolExecutor.java:1142)
	at java.util.concurrent.ThreadPoolExecutor$Worker.run(ThreadPoolExecutor.java:617)
	at java.lang.Thread.run(Thread.java:745)

May 16, 2018 6:22:36 PM sins2.input_output.InputManager initializeWorld
SEVERE: null
java.io.FileNotFoundException: input/00MyTest/world.txt (No such file or directory)
	at java.io.FileInputStream.open0(Native Method)
	at java.io.FileInputStream.open(FileInputStream.java:195)
	at java.io.FileInputStream.<init>(FileInputStream.java:138)
	at java.io.FileInputStream.<init>(FileInputStream.java:93)
	at java.io.FileReader.<init>(FileReader.java:58)
	at sins2.helpers.io.ReaderHelper.<init>(ReaderHelper.java:28)
	at sins2.input_output.InputManager.getReader(InputManager.java:53)
	at sins2.input_output.InputManager.initializeWorld(InputManager.java:61)
	at sins2.simulation.World.initializeFromInput(World.java:101)
	at sins2.simulation.World.beginSimulation(World.java:118)
	at sins2.SINS2$SimulationTask.call(SINS2.java:309)
	at java.util.concurrent.FutureTask.run(FutureTask.java:266)
	at java.util.concurrent.ThreadPoolExecutor.runWorker(ThreadPoolExecutor.java:1142)
	at java.util.concurrent.ThreadPoolExecutor$Worker.run(ThreadPoolExecutor.java:617)
	at java.lang.Thread.run(Thread.java:745)

May 16, 2018 6:22:36 PM sins2.simulation.World beginSimulation
SEVERE: null
java.lang.NullPointerException
	at sins2.input_output.InputManager.initializeOutPutParameters(InputManager.java:250)
	at sins2.simulation.World.readOutputPreferences(World.java:186)
	at sins2.simulation.World.initializeFromInput(World.java:103)
	at sins2.simulation.World.beginSimulation(World.java:118)
	at sins2.SINS2$SimulationTask.call(SINS2.java:309)
	at java.util.concurrent.FutureTask.run(FutureTask.java:266)
	at java.util.concurrent.ThreadPoolExecutor.runWorker(ThreadPoolExecutor.java:1142)
	at java.util.concurrent.ThreadPoolExecutor$Worker.run(ThreadPoolExecutor.java:617)
	at java.lang.Thread.run(Thread.java:745)

java.util.concurrent.ExecutionException: java.lang.NullPointerException
	at java.util.concurrent.FutureTask.report(FutureTask.java:122)
	at java.util.concurrent.FutureTask.get(FutureTask.java:192)
	at sins2.SINS2.parallelSimpleVersion(SINS2.java:270)
	at sins2.SINS2.run(SINS2.java:198)
	at sins2.SINS2.main(SINS2.java:76)
Caused by: java.lang.NullPointerException
	at sins2.simulation.Layer.checkForStartOfExpansions(Layer.java:312)
	at sins2.simulation.World.beginSimulation(World.java:137)
	at sins2.SINS2$SimulationTask.call(SINS2.java:309)
	at java.util.concurrent.FutureTask.run(FutureTask.java:266)
	at java.util.concurrent.ThreadPoolExecutor.runWorker(ThreadPoolExecutor.java:1142)
	at java.util.concurrent.ThreadPoolExecutor$Worker.run(ThreadPoolExecutor.java:617)
	at java.lang.Thread.run(Thread.java:745)
May 16, 2018 6:22:36 PM sins2.simulation.World beginSimulation
SEVERE: null
java.lang.NullPointerException
	at sins2.input_output.InputManager.initializeOutPutParameters(InputManager.java:250)
	at sins2.simulation.World.readOutputPreferences(World.java:186)
	at sins2.simulation.World.initializeFromInput(World.java:103)
	at sins2.simulation.World.beginSimulation(World.java:118)
	at sins2.SINS2$SimulationTask.call(SINS2.java:309)
	at java.util.concurrent.FutureTask.run(FutureTask.java:266)
	at java.util.concurrent.ThreadPoolExecutor.runWorker(ThreadPoolExecutor.java:1142)
	at java.util.concurrent.ThreadPoolExecutor$Worker.run(ThreadPoolExecutor.java:617)
	at java.lang.Thread.run(Thread.java:745)

java.util.concurrent.ExecutionException: java.lang.NullPointerException
	at java.util.concurrent.FutureTask.report(FutureTask.java:122)
	at java.util.concurrent.FutureTask.get(FutureTask.java:192)
	at sins2.SINS2.parallelSimpleVersion(SINS2.java:270)
	at sins2.SINS2.run(SINS2.java:198)
	at sins2.SINS2.main(SINS2.java:76)
Caused by: java.lang.NullPointerException
	at sins2.simulation.Layer.checkForStartOfExpansions(Layer.java:312)
	at sins2.simulation.World.beginSimulation(World.java:137)
	at sins2.SINS2$SimulationTask.call(SINS2.java:309)
	at java.util.concurrent.FutureTask.run(FutureTask.java:266)
	at java.util.concurrent.ThreadPoolExecutor.runWorker(ThreadPoolExecutor.java:1142)
	at java.util.concurrent.ThreadPoolExecutor$Worker.run(ThreadPoolExecutor.java:617)
	at java.lang.Thread.run(Thread.java:745)
java.util.concurrent.ExecutionException: java.lang.NullPointerException
	at java.util.concurrent.FutureTask.report(FutureTask.java:122)
	at java.util.concurrent.FutureTask.get(FutureTask.java:192)
	at sins2.SINS2.parallelSimpleVersion(SINS2.java:270)
	at sins2.SINS2.run(SINS2.java:198)
	at sins2.SINS2.main(SINS2.java:76)
Caused by: java.lang.NullPointerException
	at sins2.simulation.Layer.checkForStartOfExpansions(Layer.java:312)
	at sins2.simulation.World.beginSimulation(World.java:137)
	at sins2.SINS2$SimulationTask.call(SINS2.java:309)
	at java.util.concurrent.FutureTask.run(FutureTask.java:266)
	at java.util.concurrent.ThreadPoolExecutor.runWorker(ThreadPoolExecutor.java:1142)
	at java.util.concurrent.ThreadPoolExecutor$Worker.run(ThreadPoolExecutor.java:617)
	at java.lang.Thread.run(Thread.java:745)
May 16, 2018 6:22:36 PM sins2.input_output.InputManager initializeWorld
SEVERE: null
java.io.FileNotFoundException: input/00MyTest/world.txt (No such file or directory)
	at java.io.FileInputStream.open0(Native Method)
	at java.io.FileInputStream.open(FileInputStream.java:195)
	at java.io.FileInputStream.<init>(FileInputStream.java:138)
	at java.io.FileInputStream.<init>(FileInputStream.java:93)
	at java.io.FileReader.<init>(FileReader.java:58)
	at sins2.helpers.io.ReaderHelper.<init>(ReaderHelper.java:28)
	at sins2.input_output.InputManager.getReader(InputManager.java:53)
	at sins2.input_output.InputManager.initializeWorld(InputManager.java:61)
	at sins2.simulation.World.initializeFromInput(World.java:101)
	at sins2.simulation.World.beginSimulation(World.java:118)
	at sins2.SINS2$SimulationTask.call(SINS2.java:309)
	at java.util.concurrent.FutureTask.run(FutureTask.java:266)
	at java.util.concurrent.ThreadPoolExecutor.runWorker(ThreadPoolExecutor.java:1142)
	at java.util.concurrent.ThreadPoolExecutor$Worker.run(ThreadPoolExecutor.java:617)
	at java.lang.Thread.run(Thread.java:745)

java.util.concurrent.ExecutionException: java.lang.NullPointerException
	at java.util.concurrent.FutureTask.report(FutureTask.java:122)
	at java.util.concurrent.FutureTask.get(FutureTask.java:192)
	at sins2.SINS2.parallelSimpleVersion(SINS2.java:270)
	at sins2.SINS2.run(SINS2.java:198)
	at sins2.SINS2.main(SINS2.java:76)
Caused by: java.lang.NullPointerException
	at sins2.simulation.Layer.checkForStartOfExpansions(Layer.java:312)
	at sins2.simulation.World.beginSimulation(World.java:137)
	at sins2.SINS2$SimulationTask.call(SINS2.java:309)
	at java.util.concurrent.FutureTask.run(FutureTask.java:266)
	at java.util.concurrent.ThreadPoolExecutor.runWorker(ThreadPoolExecutor.java:1142)
	at java.util.concurrent.ThreadPoolExecutor$Worker.run(ThreadPoolExecutor.java:617)
	at java.lang.Thread.run(Thread.java:745)
May 16, 2018 6:22:36 PM sins2.input_output.InputManager initializeOutPutParameters
SEVERE: null
java.io.FileNotFoundException: input/00MyTest/output_preferences.txt (No such file or directory)
	at java.io.FileInputStream.open0(Native Method)
	at java.io.FileInputStream.open(FileInputStream.java:195)
	at java.io.FileInputStream.<init>(FileInputStream.java:138)
	at java.io.FileInputStream.<init>(FileInputStream.java:93)
	at java.io.FileReader.<init>(FileReader.java:58)
	at sins2.helpers.io.ReaderHelper.<init>(ReaderHelper.java:28)
	at sins2.input_output.InputManager.getReader(InputManager.java:53)
	at sins2.input_output.InputManager.initializeOutPutParameters(InputManager.java:243)
	at sins2.simulation.World.readOutputPreferences(World.java:186)
	at sins2.simulation.World.initializeFromInput(World.java:103)
	at sins2.simulation.World.beginSimulation(World.java:118)
	at sins2.SINS2$SimulationTask.call(SINS2.java:309)
	at java.util.concurrent.FutureTask.run(FutureTask.java:266)
	at java.util.concurrent.ThreadPoolExecutor.runWorker(ThreadPoolExecutor.java:1142)
	at java.util.concurrent.ThreadPoolExecutor$Worker.run(ThreadPoolExecutor.java:617)
	at java.lang.Thread.run(Thread.java:745)

May 16, 2018 6:22:36 PM sins2.input_output.InputManager initializeOutPutParameters
SEVERE: null
java.io.FileNotFoundException: input/00MyTest/output_preferences.txt (No such file or directory)
	at java.io.FileInputStream.open0(Native Method)
	at java.io.FileInputStream.open(FileInputStream.java:195)
	at java.io.FileInputStream.<init>(FileInputStream.java:138)
	at java.io.FileInputStream.<init>(FileInputStream.java:93)
	at java.io.FileReader.<init>(FileReader.java:58)
	at sins2.helpers.io.ReaderHelper.<init>(ReaderHelper.java:28)
	at sins2.input_output.InputManager.getReader(InputManager.java:53)
	at sins2.input_output.InputManager.initializeOutPutParameters(InputManager.java:243)
	at sins2.simulation.World.readOutputPreferences(World.java:186)
	at sins2.simulation.World.initializeFromInput(World.java:103)
	at sins2.simulation.World.beginSimulation(World.java:118)
	at sins2.SINS2$SimulationTask.call(SINS2.java:309)
	at java.util.concurrent.FutureTask.run(FutureTask.java:266)
	at java.util.concurrent.ThreadPoolExecutor.runWorker(ThreadPoolExecutor.java:1142)
	at java.util.concurrent.ThreadPoolExecutor$Worker.run(ThreadPoolExecutor.java:617)
	at java.lang.Thread.run(Thread.java:745)

May 16, 2018 6:22:36 PM sins2.simulation.World beginSimulation
SEVERE: null
java.lang.NullPointerException
	at sins2.input_output.InputManager.initializeOutPutParameters(InputManager.java:250)
	at sins2.simulation.World.readOutputPreferences(World.java:186)
	at sins2.simulation.World.initializeFromInput(World.java:103)
	at sins2.simulation.World.beginSimulation(World.java:118)
	at sins2.SINS2$SimulationTask.call(SINS2.java:309)
	at java.util.concurrent.FutureTask.run(FutureTask.java:266)
	at java.util.concurrent.ThreadPoolExecutor.runWorker(ThreadPoolExecutor.java:1142)
	at java.util.concurrent.ThreadPoolExecutor$Worker.run(ThreadPoolExecutor.java:617)
	at java.lang.Thread.run(Thread.java:745)

May 16, 2018 6:22:36 PM sins2.simulation.World beginSimulation
SEVERE: null
java.lang.NullPointerException
	at sins2.input_output.InputManager.initializeOutPutParameters(InputManager.java:250)
	at sins2.simulation.World.readOutputPreferences(World.java:186)
	at sins2.simulation.World.initializeFromInput(World.java:103)
	at sins2.simulation.World.beginSimulation(World.java:118)
	at sins2.SINS2$SimulationTask.call(SINS2.java:309)
	at java.util.concurrent.FutureTask.run(FutureTask.java:266)
	at java.util.concurrent.ThreadPoolExecutor.runWorker(ThreadPoolExecutor.java:1142)
	at java.util.concurrent.ThreadPoolExecutor$Worker.run(ThreadPoolExecutor.java:617)
	at java.lang.Thread.run(Thread.java:745)

java.util.concurrent.ExecutionException: java.lang.NullPointerException
	at java.util.concurrent.FutureTask.report(FutureTask.java:122)
	at java.util.concurrent.FutureTask.get(FutureTask.java:192)
	at sins2.SINS2.parallelSimpleVersion(SINS2.java:270)
	at sins2.SINS2.run(SINS2.java:198)
	at sins2.SINS2.main(SINS2.java:76)
Caused by: java.lang.NullPointerException
	at sins2.simulation.Layer.checkForStartOfExpansions(Layer.java:312)
	at sins2.simulation.World.beginSimulation(World.java:137)
	at sins2.SINS2$SimulationTask.call(SINS2.java:309)
	at java.util.concurrent.FutureTask.run(FutureTask.java:266)
	at java.util.concurrent.ThreadPoolExecutor.runWorker(ThreadPoolExecutor.java:1142)
	at java.util.concurrent.ThreadPoolExecutor$Worker.run(ThreadPoolExecutor.java:617)
	at java.lang.Thread.run(Thread.java:745)
java.util.concurrent.ExecutionException: java.lang.NullPointerException
	at java.util.concurrent.FutureTask.report(FutureTask.java:122)
	at java.util.concurrent.FutureTask.get(FutureTask.java:192)
	at sins2.SINS2.parallelSimpleVersion(SINS2.java:270)
	at sins2.SINS2.run(SINS2.java:198)
	at sins2.SINS2.main(SINS2.java:76)
Caused by: java.lang.NullPointerException
	at sins2.simulation.Layer.checkForStartOfExpansions(Layer.java:312)
	at sins2.simulation.World.beginSimulation(World.java:137)
	at sins2.SINS2$SimulationTask.call(SINS2.java:309)
	at java.util.concurrent.FutureTask.run(FutureTask.java:266)
	at java.util.concurrent.ThreadPoolExecutor.runWorker(ThreadPoolExecutor.java:1142)
	at java.util.concurrent.ThreadPoolExecutor$Worker.run(ThreadPoolExecutor.java:617)
	at java.lang.Thread.run(Thread.java:745)
Simulation 00MyTest has finished, time elapsed: 00hh : 00mm : 00ss 58ms
Simulation 00MyTest is starting...
Simulation 00MyTest has finished, time elapsed: 15hh : 19mm : 04ss 281ms
